{"D:\\3ème(Data)\\node-js-jwt-auth-mongodb\\app\\controllers\\auth.controller.js": {"path":"D:\\3ème(Data)\\node-js-jwt-auth-mongodb\\app\\controllers\\auth.controller.js","statementMap":{"0":{"start":{"line":1,"column":15},"end":{"line":1,"column":47}},"1":{"start":{"line":2,"column":11},"end":{"line":2,"column":31}},"2":{"start":{"line":3,"column":13},"end":{"line":3,"column":20}},"3":{"start":{"line":4,"column":13},"end":{"line":4,"column":20}},"4":{"start":{"line":6,"column":12},"end":{"line":6,"column":35}},"5":{"start":{"line":7,"column":15},"end":{"line":7,"column":34}},"6":{"start":{"line":9,"column":0},"end":{"line":63,"column":2}},"7":{"start":{"line":10,"column":15},"end":{"line":14,"column":4}},"8":{"start":{"line":16,"column":2},"end":{"line":62,"column":5}},"9":{"start":{"line":17,"column":4},"end":{"line":20,"column":5}},"10":{"start":{"line":18,"column":6},"end":{"line":18,"column":45}},"11":{"start":{"line":19,"column":6},"end":{"line":19,"column":13}},"12":{"start":{"line":22,"column":4},"end":{"line":61,"column":5}},"13":{"start":{"line":23,"column":6},"end":{"line":43,"column":8}},"14":{"start":{"line":28,"column":10},"end":{"line":31,"column":11}},"15":{"start":{"line":29,"column":12},"end":{"line":29,"column":51}},"16":{"start":{"line":30,"column":12},"end":{"line":30,"column":19}},"17":{"start":{"line":33,"column":10},"end":{"line":33,"column":51}},"18":{"start":{"line":33,"column":41},"end":{"line":33,"column":49}},"19":{"start":{"line":34,"column":10},"end":{"line":41,"column":13}},"20":{"start":{"line":35,"column":12},"end":{"line":38,"column":13}},"21":{"start":{"line":36,"column":14},"end":{"line":36,"column":53}},"22":{"start":{"line":37,"column":14},"end":{"line":37,"column":21}},"23":{"start":{"line":40,"column":12},"end":{"line":40,"column":71}},"24":{"start":{"line":45,"column":6},"end":{"line":60,"column":9}},"25":{"start":{"line":46,"column":8},"end":{"line":49,"column":9}},"26":{"start":{"line":47,"column":10},"end":{"line":47,"column":49}},"27":{"start":{"line":48,"column":10},"end":{"line":48,"column":17}},"28":{"start":{"line":51,"column":8},"end":{"line":51,"column":32}},"29":{"start":{"line":52,"column":8},"end":{"line":59,"column":11}},"30":{"start":{"line":53,"column":10},"end":{"line":56,"column":11}},"31":{"start":{"line":54,"column":12},"end":{"line":54,"column":51}},"32":{"start":{"line":55,"column":12},"end":{"line":55,"column":19}},"33":{"start":{"line":58,"column":10},"end":{"line":58,"column":69}},"34":{"start":{"line":65,"column":0},"end":{"line":113,"column":2}},"35":{"start":{"line":66,"column":2},"end":{"line":112,"column":7}},"36":{"start":{"line":71,"column":6},"end":{"line":74,"column":7}},"37":{"start":{"line":72,"column":8},"end":{"line":72,"column":47}},"38":{"start":{"line":73,"column":8},"end":{"line":73,"column":15}},"39":{"start":{"line":76,"column":6},"end":{"line":78,"column":7}},"40":{"start":{"line":77,"column":8},"end":{"line":77,"column":68}},"41":{"start":{"line":80,"column":30},"end":{"line":83,"column":7}},"42":{"start":{"line":85,"column":6},"end":{"line":90,"column":7}},"43":{"start":{"line":86,"column":8},"end":{"line":89,"column":11}},"44":{"start":{"line":92,"column":20},"end":{"line":98,"column":32}},"45":{"start":{"line":100,"column":26},"end":{"line":100,"column":28}},"46":{"start":{"line":102,"column":6},"end":{"line":104,"column":7}},"47":{"start":{"line":102,"column":19},"end":{"line":102,"column":20}},"48":{"start":{"line":103,"column":8},"end":{"line":103,"column":69}},"49":{"start":{"line":105,"column":6},"end":{"line":111,"column":9}}},"fnMap":{"0":{"name":"(anonymous_0)","decl":{"start":{"line":9,"column":17},"end":{"line":9,"column":18}},"loc":{"start":{"line":9,"column":31},"end":{"line":63,"column":1}},"line":9},"1":{"name":"(anonymous_1)","decl":{"start":{"line":16,"column":12},"end":{"line":16,"column":13}},"loc":{"start":{"line":16,"column":27},"end":{"line":62,"column":3}},"line":16},"2":{"name":"(anonymous_2)","decl":{"start":{"line":27,"column":8},"end":{"line":27,"column":9}},"loc":{"start":{"line":27,"column":24},"end":{"line":42,"column":9}},"line":27},"3":{"name":"(anonymous_3)","decl":{"start":{"line":33,"column":33},"end":{"line":33,"column":34}},"loc":{"start":{"line":33,"column":41},"end":{"line":33,"column":49}},"line":33},"4":{"name":"(anonymous_4)","decl":{"start":{"line":34,"column":20},"end":{"line":34,"column":21}},"loc":{"start":{"line":34,"column":27},"end":{"line":41,"column":11}},"line":34},"5":{"name":"(anonymous_5)","decl":{"start":{"line":45,"column":37},"end":{"line":45,"column":38}},"loc":{"start":{"line":45,"column":52},"end":{"line":60,"column":7}},"line":45},"6":{"name":"(anonymous_6)","decl":{"start":{"line":52,"column":18},"end":{"line":52,"column":19}},"loc":{"start":{"line":52,"column":25},"end":{"line":59,"column":9}},"line":52},"7":{"name":"(anonymous_7)","decl":{"start":{"line":65,"column":17},"end":{"line":65,"column":18}},"loc":{"start":{"line":65,"column":31},"end":{"line":113,"column":1}},"line":65},"8":{"name":"(anonymous_8)","decl":{"start":{"line":70,"column":10},"end":{"line":70,"column":11}},"loc":{"start":{"line":70,"column":25},"end":{"line":112,"column":5}},"line":70}},"branchMap":{"0":{"loc":{"start":{"line":17,"column":4},"end":{"line":20,"column":5}},"type":"if","locations":[{"start":{"line":17,"column":4},"end":{"line":20,"column":5}},{"start":{},"end":{}}],"line":17},"1":{"loc":{"start":{"line":22,"column":4},"end":{"line":61,"column":5}},"type":"if","locations":[{"start":{"line":22,"column":4},"end":{"line":61,"column":5}},{"start":{"line":44,"column":11},"end":{"line":61,"column":5}}],"line":22},"2":{"loc":{"start":{"line":28,"column":10},"end":{"line":31,"column":11}},"type":"if","locations":[{"start":{"line":28,"column":10},"end":{"line":31,"column":11}},{"start":{},"end":{}}],"line":28},"3":{"loc":{"start":{"line":35,"column":12},"end":{"line":38,"column":13}},"type":"if","locations":[{"start":{"line":35,"column":12},"end":{"line":38,"column":13}},{"start":{},"end":{}}],"line":35},"4":{"loc":{"start":{"line":46,"column":8},"end":{"line":49,"column":9}},"type":"if","locations":[{"start":{"line":46,"column":8},"end":{"line":49,"column":9}},{"start":{},"end":{}}],"line":46},"5":{"loc":{"start":{"line":53,"column":10},"end":{"line":56,"column":11}},"type":"if","locations":[{"start":{"line":53,"column":10},"end":{"line":56,"column":11}},{"start":{},"end":{}}],"line":53},"6":{"loc":{"start":{"line":71,"column":6},"end":{"line":74,"column":7}},"type":"if","locations":[{"start":{"line":71,"column":6},"end":{"line":74,"column":7}},{"start":{},"end":{}}],"line":71},"7":{"loc":{"start":{"line":76,"column":6},"end":{"line":78,"column":7}},"type":"if","locations":[{"start":{"line":76,"column":6},"end":{"line":78,"column":7}},{"start":{},"end":{}}],"line":76},"8":{"loc":{"start":{"line":85,"column":6},"end":{"line":90,"column":7}},"type":"if","locations":[{"start":{"line":85,"column":6},"end":{"line":90,"column":7}},{"start":{},"end":{}}],"line":85}},"s":{"0":4,"1":4,"2":4,"3":4,"4":4,"5":4,"6":4,"7":36,"8":36,"9":36,"10":0,"11":0,"12":36,"13":2,"14":2,"15":0,"16":0,"17":2,"18":2,"19":2,"20":2,"21":0,"22":0,"23":2,"24":34,"25":34,"26":0,"27":0,"28":34,"29":34,"30":34,"31":0,"32":0,"33":34,"34":4,"35":156,"36":156,"37":0,"38":0,"39":156,"40":12,"41":144,"42":144,"43":2,"44":142,"45":142,"46":142,"47":142,"48":142,"49":142},"f":{"0":36,"1":36,"2":2,"3":2,"4":2,"5":34,"6":34,"7":156,"8":156},"b":{"0":[0,36],"1":[2,34],"2":[0,2],"3":[0,2],"4":[0,34],"5":[0,34],"6":[0,156],"7":[12,144],"8":[2,142]},"_coverageSchema":"1a1c01bbd47fc00a2c39e90264f33305004495a9","hash":"42595da512d041a678a1d458aa765afe6592c38b"}
,"D:\\3ème(Data)\\node-js-jwt-auth-mongodb\\app\\controllers\\user.controller.js": {"path":"D:\\3ème(Data)\\node-js-jwt-auth-mongodb\\app\\controllers\\user.controller.js","statementMap":{"0":{"start":{"line":1,"column":0},"end":{"line":3,"column":2}},"1":{"start":{"line":2,"column":2},"end":{"line":2,"column":42}},"2":{"start":{"line":5,"column":0},"end":{"line":7,"column":2}},"3":{"start":{"line":6,"column":2},"end":{"line":6,"column":40}},"4":{"start":{"line":9,"column":0},"end":{"line":11,"column":2}},"5":{"start":{"line":10,"column":2},"end":{"line":10,"column":41}},"6":{"start":{"line":13,"column":0},"end":{"line":15,"column":2}},"7":{"start":{"line":14,"column":2},"end":{"line":14,"column":45}}},"fnMap":{"0":{"name":"(anonymous_0)","decl":{"start":{"line":1,"column":20},"end":{"line":1,"column":21}},"loc":{"start":{"line":1,"column":34},"end":{"line":3,"column":1}},"line":1},"1":{"name":"(anonymous_1)","decl":{"start":{"line":5,"column":20},"end":{"line":5,"column":21}},"loc":{"start":{"line":5,"column":34},"end":{"line":7,"column":1}},"line":5},"2":{"name":"(anonymous_2)","decl":{"start":{"line":9,"column":21},"end":{"line":9,"column":22}},"loc":{"start":{"line":9,"column":35},"end":{"line":11,"column":1}},"line":9},"3":{"name":"(anonymous_3)","decl":{"start":{"line":13,"column":25},"end":{"line":13,"column":26}},"loc":{"start":{"line":13,"column":39},"end":{"line":15,"column":1}},"line":13}},"branchMap":{},"s":{"0":4,"1":0,"2":4,"3":105,"4":4,"5":0,"6":4,"7":0},"f":{"0":0,"1":105,"2":0,"3":0},"b":{},"_coverageSchema":"1a1c01bbd47fc00a2c39e90264f33305004495a9","hash":"8b48a9003be813a98dd36bd6bdac21ae231b8bc9"}
,"D:\\3ème(Data)\\node-js-jwt-auth-mongodb\\app\\middlewares\\authJwt.js": {"path":"D:\\3ème(Data)\\node-js-jwt-auth-mongodb\\app\\middlewares\\authJwt.js","statementMap":{"0":{"start":{"line":1,"column":12},"end":{"line":1,"column":35}},"1":{"start":{"line":2,"column":15},"end":{"line":2,"column":50}},"2":{"start":{"line":3,"column":11},"end":{"line":3,"column":31}},"3":{"start":{"line":4,"column":13},"end":{"line":4,"column":20}},"4":{"start":{"line":5,"column":13},"end":{"line":5,"column":20}},"5":{"start":{"line":7,"column":0},"end":{"line":25,"column":2}},"6":{"start":{"line":8,"column":16},"end":{"line":8,"column":45}},"7":{"start":{"line":10,"column":2},"end":{"line":12,"column":3}},"8":{"start":{"line":11,"column":4},"end":{"line":11,"column":67}},"9":{"start":{"line":14,"column":2},"end":{"line":24,"column":15}},"10":{"start":{"line":17,"column":14},"end":{"line":21,"column":15}},"11":{"start":{"line":18,"column":16},"end":{"line":20,"column":19}},"12":{"start":{"line":22,"column":14},"end":{"line":22,"column":38}},"13":{"start":{"line":23,"column":14},"end":{"line":23,"column":21}},"14":{"start":{"line":27,"column":0},"end":{"line":56,"column":2}},"15":{"start":{"line":28,"column":2},"end":{"line":55,"column":5}},"16":{"start":{"line":29,"column":4},"end":{"line":32,"column":5}},"17":{"start":{"line":30,"column":6},"end":{"line":30,"column":45}},"18":{"start":{"line":31,"column":6},"end":{"line":31,"column":13}},"19":{"start":{"line":34,"column":4},"end":{"line":54,"column":6}},"20":{"start":{"line":39,"column":8},"end":{"line":42,"column":9}},"21":{"start":{"line":40,"column":10},"end":{"line":40,"column":49}},"22":{"start":{"line":41,"column":10},"end":{"line":41,"column":17}},"23":{"start":{"line":44,"column":8},"end":{"line":49,"column":9}},"24":{"start":{"line":44,"column":21},"end":{"line":44,"column":22}},"25":{"start":{"line":45,"column":10},"end":{"line":48,"column":11}},"26":{"start":{"line":46,"column":12},"end":{"line":46,"column":19}},"27":{"start":{"line":47,"column":12},"end":{"line":47,"column":19}},"28":{"start":{"line":51,"column":8},"end":{"line":51,"column":65}},"29":{"start":{"line":52,"column":8},"end":{"line":52,"column":15}},"30":{"start":{"line":58,"column":0},"end":{"line":87,"column":2}},"31":{"start":{"line":59,"column":2},"end":{"line":86,"column":5}},"32":{"start":{"line":60,"column":4},"end":{"line":63,"column":5}},"33":{"start":{"line":61,"column":6},"end":{"line":61,"column":45}},"34":{"start":{"line":62,"column":6},"end":{"line":62,"column":13}},"35":{"start":{"line":65,"column":4},"end":{"line":85,"column":6}},"36":{"start":{"line":70,"column":8},"end":{"line":73,"column":9}},"37":{"start":{"line":71,"column":10},"end":{"line":71,"column":49}},"38":{"start":{"line":72,"column":10},"end":{"line":72,"column":17}},"39":{"start":{"line":75,"column":8},"end":{"line":80,"column":9}},"40":{"start":{"line":75,"column":21},"end":{"line":75,"column":22}},"41":{"start":{"line":76,"column":10},"end":{"line":79,"column":11}},"42":{"start":{"line":77,"column":12},"end":{"line":77,"column":19}},"43":{"start":{"line":78,"column":12},"end":{"line":78,"column":19}},"44":{"start":{"line":82,"column":8},"end":{"line":82,"column":69}},"45":{"start":{"line":83,"column":8},"end":{"line":83,"column":15}},"46":{"start":{"line":89,"column":16},"end":{"line":93,"column":1}},"47":{"start":{"line":94,"column":0},"end":{"line":94,"column":25}}},"fnMap":{"0":{"name":"(anonymous_0)","decl":{"start":{"line":7,"column":14},"end":{"line":7,"column":15}},"loc":{"start":{"line":7,"column":34},"end":{"line":25,"column":1}},"line":7},"1":{"name":"(anonymous_1)","decl":{"start":{"line":16,"column":12},"end":{"line":16,"column":13}},"loc":{"start":{"line":16,"column":30},"end":{"line":24,"column":13}},"line":16},"2":{"name":"(anonymous_2)","decl":{"start":{"line":27,"column":10},"end":{"line":27,"column":11}},"loc":{"start":{"line":27,"column":30},"end":{"line":56,"column":1}},"line":27},"3":{"name":"(anonymous_3)","decl":{"start":{"line":28,"column":33},"end":{"line":28,"column":34}},"loc":{"start":{"line":28,"column":48},"end":{"line":55,"column":3}},"line":28},"4":{"name":"(anonymous_4)","decl":{"start":{"line":38,"column":6},"end":{"line":38,"column":7}},"loc":{"start":{"line":38,"column":22},"end":{"line":53,"column":7}},"line":38},"5":{"name":"(anonymous_5)","decl":{"start":{"line":58,"column":14},"end":{"line":58,"column":15}},"loc":{"start":{"line":58,"column":34},"end":{"line":87,"column":1}},"line":58},"6":{"name":"(anonymous_6)","decl":{"start":{"line":59,"column":33},"end":{"line":59,"column":34}},"loc":{"start":{"line":59,"column":48},"end":{"line":86,"column":3}},"line":59},"7":{"name":"(anonymous_7)","decl":{"start":{"line":69,"column":6},"end":{"line":69,"column":7}},"loc":{"start":{"line":69,"column":22},"end":{"line":84,"column":7}},"line":69}},"branchMap":{"0":{"loc":{"start":{"line":10,"column":2},"end":{"line":12,"column":3}},"type":"if","locations":[{"start":{"line":10,"column":2},"end":{"line":12,"column":3}},{"start":{},"end":{}}],"line":10},"1":{"loc":{"start":{"line":17,"column":14},"end":{"line":21,"column":15}},"type":"if","locations":[{"start":{"line":17,"column":14},"end":{"line":21,"column":15}},{"start":{},"end":{}}],"line":17},"2":{"loc":{"start":{"line":29,"column":4},"end":{"line":32,"column":5}},"type":"if","locations":[{"start":{"line":29,"column":4},"end":{"line":32,"column":5}},{"start":{},"end":{}}],"line":29},"3":{"loc":{"start":{"line":39,"column":8},"end":{"line":42,"column":9}},"type":"if","locations":[{"start":{"line":39,"column":8},"end":{"line":42,"column":9}},{"start":{},"end":{}}],"line":39},"4":{"loc":{"start":{"line":45,"column":10},"end":{"line":48,"column":11}},"type":"if","locations":[{"start":{"line":45,"column":10},"end":{"line":48,"column":11}},{"start":{},"end":{}}],"line":45},"5":{"loc":{"start":{"line":60,"column":4},"end":{"line":63,"column":5}},"type":"if","locations":[{"start":{"line":60,"column":4},"end":{"line":63,"column":5}},{"start":{},"end":{}}],"line":60},"6":{"loc":{"start":{"line":70,"column":8},"end":{"line":73,"column":9}},"type":"if","locations":[{"start":{"line":70,"column":8},"end":{"line":73,"column":9}},{"start":{},"end":{}}],"line":70},"7":{"loc":{"start":{"line":76,"column":10},"end":{"line":79,"column":11}},"type":"if","locations":[{"start":{"line":76,"column":10},"end":{"line":79,"column":11}},{"start":{},"end":{}}],"line":76}},"s":{"0":4,"1":4,"2":4,"3":4,"4":4,"5":4,"6":114,"7":114,"8":4,"9":110,"10":110,"11":5,"12":105,"13":105,"14":4,"15":0,"16":0,"17":0,"18":0,"19":0,"20":0,"21":0,"22":0,"23":0,"24":0,"25":0,"26":0,"27":0,"28":0,"29":0,"30":4,"31":0,"32":0,"33":0,"34":0,"35":0,"36":0,"37":0,"38":0,"39":0,"40":0,"41":0,"42":0,"43":0,"44":0,"45":0,"46":4,"47":4},"f":{"0":114,"1":110,"2":0,"3":0,"4":0,"5":0,"6":0,"7":0},"b":{"0":[4,110],"1":[5,105],"2":[0,0],"3":[0,0],"4":[0,0],"5":[0,0],"6":[0,0],"7":[0,0]},"_coverageSchema":"1a1c01bbd47fc00a2c39e90264f33305004495a9","hash":"f14bec39b95afe71183875ca8cdffb76d87ecd93"}
,"D:\\3ème(Data)\\node-js-jwt-auth-mongodb\\app\\middlewares\\index.js": {"path":"D:\\3ème(Data)\\node-js-jwt-auth-mongodb\\app\\middlewares\\index.js","statementMap":{"0":{"start":{"line":1,"column":16},"end":{"line":1,"column":36}},"1":{"start":{"line":2,"column":21},"end":{"line":2,"column":46}},"2":{"start":{"line":4,"column":0},"end":{"line":7,"column":2}}},"fnMap":{},"branchMap":{},"s":{"0":4,"1":4,"2":4},"f":{},"b":{},"_coverageSchema":"1a1c01bbd47fc00a2c39e90264f33305004495a9","hash":"900008577a9c5208d02291c24e69dfde50222a08"}
,"D:\\3ème(Data)\\node-js-jwt-auth-mongodb\\app\\middlewares\\verifySignUp.js": {"path":"D:\\3ème(Data)\\node-js-jwt-auth-mongodb\\app\\middlewares\\verifySignUp.js","statementMap":{"0":{"start":{"line":1,"column":11},"end":{"line":1,"column":31}},"1":{"start":{"line":2,"column":14},"end":{"line":2,"column":22}},"2":{"start":{"line":3,"column":13},"end":{"line":3,"column":20}},"3":{"start":{"line":5,"column":0},"end":{"line":37,"column":2}},"4":{"start":{"line":7,"column":2},"end":{"line":36,"column":5}},"5":{"start":{"line":10,"column":4},"end":{"line":13,"column":5}},"6":{"start":{"line":11,"column":6},"end":{"line":11,"column":45}},"7":{"start":{"line":12,"column":6},"end":{"line":12,"column":13}},"8":{"start":{"line":15,"column":4},"end":{"line":18,"column":5}},"9":{"start":{"line":16,"column":6},"end":{"line":16,"column":79}},"10":{"start":{"line":17,"column":6},"end":{"line":17,"column":13}},"11":{"start":{"line":21,"column":4},"end":{"line":35,"column":7}},"12":{"start":{"line":24,"column":6},"end":{"line":27,"column":7}},"13":{"start":{"line":25,"column":8},"end":{"line":25,"column":47}},"14":{"start":{"line":26,"column":8},"end":{"line":26,"column":15}},"15":{"start":{"line":29,"column":6},"end":{"line":32,"column":7}},"16":{"start":{"line":30,"column":8},"end":{"line":30,"column":78}},"17":{"start":{"line":31,"column":8},"end":{"line":31,"column":15}},"18":{"start":{"line":34,"column":6},"end":{"line":34,"column":13}},"19":{"start":{"line":39,"column":0},"end":{"line":52,"column":2}},"20":{"start":{"line":40,"column":2},"end":{"line":49,"column":3}},"21":{"start":{"line":41,"column":4},"end":{"line":48,"column":5}},"22":{"start":{"line":41,"column":17},"end":{"line":41,"column":18}},"23":{"start":{"line":42,"column":6},"end":{"line":47,"column":7}},"24":{"start":{"line":43,"column":8},"end":{"line":45,"column":11}},"25":{"start":{"line":46,"column":8},"end":{"line":46,"column":15}},"26":{"start":{"line":51,"column":2},"end":{"line":51,"column":9}},"27":{"start":{"line":54,"column":21},"end":{"line":57,"column":1}},"28":{"start":{"line":59,"column":0},"end":{"line":59,"column":30}}},"fnMap":{"0":{"name":"(anonymous_0)","decl":{"start":{"line":5,"column":32},"end":{"line":5,"column":33}},"loc":{"start":{"line":5,"column":52},"end":{"line":37,"column":1}},"line":5},"1":{"name":"(anonymous_1)","decl":{"start":{"line":9,"column":10},"end":{"line":9,"column":11}},"loc":{"start":{"line":9,"column":25},"end":{"line":36,"column":3}},"line":9},"2":{"name":"(anonymous_2)","decl":{"start":{"line":23,"column":12},"end":{"line":23,"column":13}},"loc":{"start":{"line":23,"column":27},"end":{"line":35,"column":5}},"line":23},"3":{"name":"(anonymous_3)","decl":{"start":{"line":39,"column":20},"end":{"line":39,"column":21}},"loc":{"start":{"line":39,"column":40},"end":{"line":52,"column":1}},"line":39}},"branchMap":{"0":{"loc":{"start":{"line":10,"column":4},"end":{"line":13,"column":5}},"type":"if","locations":[{"start":{"line":10,"column":4},"end":{"line":13,"column":5}},{"start":{},"end":{}}],"line":10},"1":{"loc":{"start":{"line":15,"column":4},"end":{"line":18,"column":5}},"type":"if","locations":[{"start":{"line":15,"column":4},"end":{"line":18,"column":5}},{"start":{},"end":{}}],"line":15},"2":{"loc":{"start":{"line":24,"column":6},"end":{"line":27,"column":7}},"type":"if","locations":[{"start":{"line":24,"column":6},"end":{"line":27,"column":7}},{"start":{},"end":{}}],"line":24},"3":{"loc":{"start":{"line":29,"column":6},"end":{"line":32,"column":7}},"type":"if","locations":[{"start":{"line":29,"column":6},"end":{"line":32,"column":7}},{"start":{},"end":{}}],"line":29},"4":{"loc":{"start":{"line":40,"column":2},"end":{"line":49,"column":3}},"type":"if","locations":[{"start":{"line":40,"column":2},"end":{"line":49,"column":3}},{"start":{},"end":{}}],"line":40},"5":{"loc":{"start":{"line":42,"column":6},"end":{"line":47,"column":7}},"type":"if","locations":[{"start":{"line":42,"column":6},"end":{"line":47,"column":7}},{"start":{},"end":{}}],"line":42}},"s":{"0":4,"1":4,"2":4,"3":4,"4":38,"5":38,"6":0,"7":0,"8":38,"9":1,"10":1,"11":37,"12":37,"13":0,"14":0,"15":37,"16":1,"17":1,"18":36,"19":4,"20":36,"21":2,"22":2,"23":2,"24":0,"25":0,"26":36,"27":4,"28":4},"f":{"0":38,"1":38,"2":37,"3":36},"b":{"0":[0,38],"1":[1,37],"2":[0,37],"3":[1,36],"4":[2,34],"5":[0,2]},"_coverageSchema":"1a1c01bbd47fc00a2c39e90264f33305004495a9","hash":"f3c6a8cef5be9ff67c69252bdbfabd536a8ef3fb"}
,"D:\\3ème(Data)\\node-js-jwt-auth-mongodb\\app\\models\\index.js": {"path":"D:\\3ème(Data)\\node-js-jwt-auth-mongodb\\app\\models\\index.js","statementMap":{"0":{"start":{"line":1,"column":17},"end":{"line":1,"column":36}},"1":{"start":{"line":2,"column":0},"end":{"line":2,"column":34}},"2":{"start":{"line":4,"column":11},"end":{"line":4,"column":13}},"3":{"start":{"line":6,"column":0},"end":{"line":6,"column":23}},"4":{"start":{"line":8,"column":0},"end":{"line":8,"column":34}},"5":{"start":{"line":9,"column":0},"end":{"line":9,"column":34}},"6":{"start":{"line":11,"column":0},"end":{"line":11,"column":42}},"7":{"start":{"line":13,"column":0},"end":{"line":13,"column":20}}},"fnMap":{},"branchMap":{},"s":{"0":4,"1":4,"2":4,"3":4,"4":4,"5":4,"6":4,"7":4},"f":{},"b":{},"_coverageSchema":"1a1c01bbd47fc00a2c39e90264f33305004495a9","hash":"f027c1a36105475fcde266aad559ff5931aa2e4a"}
,"D:\\3ème(Data)\\node-js-jwt-auth-mongodb\\app\\models\\role.model.js": {"path":"D:\\3ème(Data)\\node-js-jwt-auth-mongodb\\app\\models\\role.model.js","statementMap":{"0":{"start":{"line":1,"column":17},"end":{"line":1,"column":36}},"1":{"start":{"line":3,"column":13},"end":{"line":8,"column":1}},"2":{"start":{"line":10,"column":0},"end":{"line":10,"column":22}}},"fnMap":{},"branchMap":{},"s":{"0":4,"1":4,"2":4},"f":{},"b":{},"_coverageSchema":"1a1c01bbd47fc00a2c39e90264f33305004495a9","hash":"1e6597ecddd9f420e8d33b16f0b53180ea1dc8d8"}
,"D:\\3ème(Data)\\node-js-jwt-auth-mongodb\\app\\models\\user.model.js": {"path":"D:\\3ème(Data)\\node-js-jwt-auth-mongodb\\app\\models\\user.model.js","statementMap":{"0":{"start":{"line":1,"column":17},"end":{"line":1,"column":36}},"1":{"start":{"line":3,"column":13},"end":{"line":16,"column":1}},"2":{"start":{"line":18,"column":0},"end":{"line":18,"column":22}}},"fnMap":{},"branchMap":{},"s":{"0":4,"1":4,"2":4},"f":{},"b":{},"_coverageSchema":"1a1c01bbd47fc00a2c39e90264f33305004495a9","hash":"6371da1d3ac1d757b2d927b6fed239507b446889"}
,"D:\\3ème(Data)\\node-js-jwt-auth-mongodb\\app\\routes\\auth.routes.js": {"path":"D:\\3ème(Data)\\node-js-jwt-auth-mongodb\\app\\routes\\auth.routes.js","statementMap":{"0":{"start":{"line":1,"column":25},"end":{"line":1,"column":50}},"1":{"start":{"line":2,"column":19},"end":{"line":2,"column":60}},"2":{"start":{"line":4,"column":0},"end":{"line":23,"column":2}},"3":{"start":{"line":5,"column":2},"end":{"line":11,"column":5}},"4":{"start":{"line":6,"column":4},"end":{"line":9,"column":6}},"5":{"start":{"line":10,"column":4},"end":{"line":10,"column":11}},"6":{"start":{"line":13,"column":2},"end":{"line":20,"column":4}},"7":{"start":{"line":22,"column":2},"end":{"line":22,"column":50}}},"fnMap":{"0":{"name":"(anonymous_0)","decl":{"start":{"line":4,"column":17},"end":{"line":4,"column":18}},"loc":{"start":{"line":4,"column":31},"end":{"line":23,"column":1}},"line":4},"1":{"name":"(anonymous_1)","decl":{"start":{"line":5,"column":10},"end":{"line":5,"column":11}},"loc":{"start":{"line":5,"column":35},"end":{"line":11,"column":3}},"line":5}},"branchMap":{},"s":{"0":4,"1":4,"2":4,"3":4,"4":310,"5":310,"6":4,"7":4},"f":{"0":4,"1":310},"b":{},"_coverageSchema":"1a1c01bbd47fc00a2c39e90264f33305004495a9","hash":"e5640dddc880d4a6937e74bc061ce67b4a2a0f90"}
,"D:\\3ème(Data)\\node-js-jwt-auth-mongodb\\app\\routes\\user.routes.js": {"path":"D:\\3ème(Data)\\node-js-jwt-auth-mongodb\\app\\routes\\user.routes.js","statementMap":{"0":{"start":{"line":1,"column":20},"end":{"line":1,"column":45}},"1":{"start":{"line":2,"column":19},"end":{"line":2,"column":60}},"2":{"start":{"line":4,"column":0},"end":{"line":28,"column":2}},"3":{"start":{"line":5,"column":2},"end":{"line":11,"column":5}},"4":{"start":{"line":6,"column":4},"end":{"line":9,"column":6}},"5":{"start":{"line":10,"column":4},"end":{"line":10,"column":11}},"6":{"start":{"line":13,"column":2},"end":{"line":13,"column":49}},"7":{"start":{"line":15,"column":2},"end":{"line":15,"column":73}},"8":{"start":{"line":17,"column":2},"end":{"line":21,"column":4}},"9":{"start":{"line":23,"column":2},"end":{"line":27,"column":4}}},"fnMap":{"0":{"name":"(anonymous_0)","decl":{"start":{"line":4,"column":17},"end":{"line":4,"column":18}},"loc":{"start":{"line":4,"column":31},"end":{"line":28,"column":1}},"line":4},"1":{"name":"(anonymous_1)","decl":{"start":{"line":5,"column":10},"end":{"line":5,"column":11}},"loc":{"start":{"line":5,"column":35},"end":{"line":11,"column":3}},"line":5}},"branchMap":{},"s":{"0":4,"1":4,"2":4,"3":4,"4":116,"5":116,"6":4,"7":4,"8":4,"9":4},"f":{"0":4,"1":116},"b":{},"_coverageSchema":"1a1c01bbd47fc00a2c39e90264f33305004495a9","hash":"6339d340bdd55a7b899b4e910e10134458b9c142"}
}
