TN:
SF:app\controllers\auth.controller.js
FN:9,(anonymous_0)
FN:16,(anonymous_1)
FN:27,(anonymous_2)
FN:33,(anonymous_3)
FN:34,(anonymous_4)
FN:45,(anonymous_5)
FN:52,(anonymous_6)
FN:65,(anonymous_7)
FN:70,(anonymous_8)
FNF:9
FNH:9
FNDA:36,(anonymous_0)
FNDA:36,(anonymous_1)
FNDA:2,(anonymous_2)
FNDA:2,(anonymous_3)
FNDA:2,(anonymous_4)
FNDA:34,(anonymous_5)
FNDA:34,(anonymous_6)
FNDA:156,(anonymous_7)
FNDA:156,(anonymous_8)
DA:1,4
DA:2,4
DA:3,4
DA:4,4
DA:6,4
DA:7,4
DA:9,4
DA:10,36
DA:16,36
DA:17,36
DA:18,0
DA:19,0
DA:22,36
DA:23,2
DA:28,2
DA:29,0
DA:30,0
DA:33,2
DA:34,2
DA:35,2
DA:36,0
DA:37,0
DA:40,2
DA:45,34
DA:46,34
DA:47,0
DA:48,0
DA:51,34
DA:52,34
DA:53,34
DA:54,0
DA:55,0
DA:58,34
DA:65,4
DA:66,156
DA:71,156
DA:72,0
DA:73,0
DA:76,156
DA:77,12
DA:80,144
DA:85,144
DA:86,2
DA:92,142
DA:100,142
DA:102,142
DA:103,142
DA:105,142
LF:48
LH:36
BRDA:17,0,0,0
BRDA:17,0,1,36
BRDA:22,1,0,2
BRDA:22,1,1,34
BRDA:28,2,0,0
BRDA:28,2,1,2
BRDA:35,3,0,0
BRDA:35,3,1,2
BRDA:46,4,0,0
BRDA:46,4,1,34
BRDA:53,5,0,0
BRDA:53,5,1,34
BRDA:71,6,0,0
BRDA:71,6,1,156
BRDA:76,7,0,12
BRDA:76,7,1,144
BRDA:85,8,0,2
BRDA:85,8,1,142
BRF:18
BRH:12
end_of_record
TN:
SF:app\controllers\user.controller.js
FN:1,(anonymous_0)
FN:5,(anonymous_1)
FN:9,(anonymous_2)
FN:13,(anonymous_3)
FNF:4
FNH:1
FNDA:0,(anonymous_0)
FNDA:105,(anonymous_1)
FNDA:0,(anonymous_2)
FNDA:0,(anonymous_3)
DA:1,4
DA:2,0
DA:5,4
DA:6,105
DA:9,4
DA:10,0
DA:13,4
DA:14,0
LF:8
LH:5
BRF:0
BRH:0
end_of_record
TN:
SF:app\middlewares\authJwt.js
FN:7,(anonymous_0)
FN:16,(anonymous_1)
FN:27,(anonymous_2)
FN:28,(anonymous_3)
FN:38,(anonymous_4)
FN:58,(anonymous_5)
FN:59,(anonymous_6)
FN:69,(anonymous_7)
FNF:8
FNH:2
FNDA:114,(anonymous_0)
FNDA:110,(anonymous_1)
FNDA:0,(anonymous_2)
FNDA:0,(anonymous_3)
FNDA:0,(anonymous_4)
FNDA:0,(anonymous_5)
FNDA:0,(anonymous_6)
FNDA:0,(anonymous_7)
DA:1,4
DA:2,4
DA:3,4
DA:4,4
DA:5,4
DA:7,4
DA:8,114
DA:10,114
DA:11,4
DA:14,110
DA:17,110
DA:18,5
DA:22,105
DA:23,105
DA:27,4
DA:28,0
DA:29,0
DA:30,0
DA:31,0
DA:34,0
DA:39,0
DA:40,0
DA:41,0
DA:44,0
DA:45,0
DA:46,0
DA:47,0
DA:51,0
DA:52,0
DA:58,4
DA:59,0
DA:60,0
DA:61,0
DA:62,0
DA:65,0
DA:70,0
DA:71,0
DA:72,0
DA:75,0
DA:76,0
DA:77,0
DA:78,0
DA:82,0
DA:83,0
DA:89,4
DA:94,4
LF:46
LH:18
BRDA:10,0,0,4
BRDA:10,0,1,110
BRDA:17,1,0,5
BRDA:17,1,1,105
BRDA:29,2,0,0
BRDA:29,2,1,0
BRDA:39,3,0,0
BRDA:39,3,1,0
BRDA:45,4,0,0
BRDA:45,4,1,0
BRDA:60,5,0,0
BRDA:60,5,1,0
BRDA:70,6,0,0
BRDA:70,6,1,0
BRDA:76,7,0,0
BRDA:76,7,1,0
BRF:16
BRH:4
end_of_record
TN:
SF:app\middlewares\index.js
FNF:0
FNH:0
DA:1,4
DA:2,4
DA:4,4
LF:3
LH:3
BRF:0
BRH:0
end_of_record
TN:
SF:app\middlewares\verifySignUp.js
FN:5,(anonymous_0)
FN:9,(anonymous_1)
FN:23,(anonymous_2)
FN:39,(anonymous_3)
FNF:4
FNH:4
FNDA:38,(anonymous_0)
FNDA:38,(anonymous_1)
FNDA:37,(anonymous_2)
FNDA:36,(anonymous_3)
DA:1,4
DA:2,4
DA:3,4
DA:5,4
DA:7,38
DA:10,38
DA:11,0
DA:12,0
DA:15,38
DA:16,1
DA:17,1
DA:21,37
DA:24,37
DA:25,0
DA:26,0
DA:29,37
DA:30,1
DA:31,1
DA:34,36
DA:39,4
DA:40,36
DA:41,2
DA:42,2
DA:43,0
DA:46,0
DA:51,36
DA:54,4
DA:59,4
LF:28
LH:22
BRDA:10,0,0,0
BRDA:10,0,1,38
BRDA:15,1,0,1
BRDA:15,1,1,37
BRDA:24,2,0,0
BRDA:24,2,1,37
BRDA:29,3,0,1
BRDA:29,3,1,36
BRDA:40,4,0,2
BRDA:40,4,1,34
BRDA:42,5,0,0
BRDA:42,5,1,2
BRF:12
BRH:9
end_of_record
TN:
SF:app\models\index.js
FNF:0
FNH:0
DA:1,4
DA:2,4
DA:4,4
DA:6,4
DA:8,4
DA:9,4
DA:11,4
DA:13,4
LF:8
LH:8
BRF:0
BRH:0
end_of_record
TN:
SF:app\models\role.model.js
FNF:0
FNH:0
DA:1,4
DA:3,4
DA:10,4
LF:3
LH:3
BRF:0
BRH:0
end_of_record
TN:
SF:app\models\user.model.js
FNF:0
FNH:0
DA:1,4
DA:3,4
DA:18,4
LF:3
LH:3
BRF:0
BRH:0
end_of_record
TN:
SF:app\routes\auth.routes.js
FN:4,(anonymous_0)
FN:5,(anonymous_1)
FNF:2
FNH:2
FNDA:4,(anonymous_0)
FNDA:310,(anonymous_1)
DA:1,4
DA:2,4
DA:4,4
DA:5,4
DA:6,310
DA:10,310
DA:13,4
DA:22,4
LF:8
LH:8
BRF:0
BRH:0
end_of_record
TN:
SF:app\routes\user.routes.js
FN:4,(anonymous_0)
FN:5,(anonymous_1)
FNF:2
FNH:2
FNDA:4,(anonymous_0)
FNDA:116,(anonymous_1)
DA:1,4
DA:2,4
DA:4,4
DA:5,4
DA:6,116
DA:10,116
DA:13,4
DA:15,4
DA:17,4
DA:23,4
LF:10
LH:10
BRF:0
BRH:0
end_of_record
